<?xml version="1.0" encoding="UTF-8"?>
<testng-results skipped="0" failed="0" ignored="0" total="2" passed="2">
  <reporter-output>
  </reporter-output>
  <suite name="Test with multiple features" duration-ms="10102" started-at="2017-04-09T17:11:07Z" finished-at="2017-04-09T17:11:17Z">
    <groups>
      <group name="cucumber">
        <method signature="AbstractTestNGCucumberTests.feature(cucumber.api.testng.CucumberFeatureWrapper)[pri:0, instance:cucumberRunner.TestRunner@1143ee9]" name="feature" class="cucumber.api.testng.AbstractTestNGCucumberTests"/>
      </group> <!-- cucumber -->
    </groups>
    <test name="Tests in FF" duration-ms="10102" started-at="2017-04-09T17:11:07Z" finished-at="2017-04-09T17:11:17Z">
      <class name="cucumberRunner.TestRunner">
        <test-method status="PASS" signature="setUpClass()[pri:0, instance:cucumberRunner.TestRunner@1143ee9]" name="setUpClass" is-config="true" duration-ms="463" started-at="2017-04-09T22:41:07Z" finished-at="2017-04-09T22:41:08Z">
          <reporter-output>
          </reporter-output>
        </test-method> <!-- setUpClass -->
        <test-method status="PASS" signature="feature(cucumber.api.testng.CucumberFeatureWrapper)[pri:0, instance:cucumberRunner.TestRunner@1143ee9]" name="feature" duration-ms="4261" started-at="2017-04-09T22:41:08Z" description="Runs Cucumber Feature" data-provider="features" finished-at="2017-04-09T22:41:12Z">
          <params>
            <param index="0">
              <value>
                <![CDATA[Test Facebook smoke scenario]]>
              </value>
            </param>
          </params>
          <reporter-output>
          </reporter-output>
        </test-method> <!-- feature -->
        <test-method status="PASS" signature="feature(cucumber.api.testng.CucumberFeatureWrapper)[pri:0, instance:cucumberRunner.TestRunner@1143ee9]" name="feature" duration-ms="5179" started-at="2017-04-09T22:41:12Z" description="Runs Cucumber Feature" data-provider="features" finished-at="2017-04-09T22:41:17Z">
          <params>
            <param index="0">
              <value>
                <![CDATA[Test google search]]>
              </value>
            </param>
          </params>
          <reporter-output>
          </reporter-output>
        </test-method> <!-- feature -->
        <test-method status="PASS" signature="tearDownClass()[pri:0, instance:cucumberRunner.TestRunner@1143ee9]" name="tearDownClass" is-config="true" duration-ms="0" started-at="2017-04-09T22:41:17Z" finished-at="2017-04-09T22:41:17Z">
          <reporter-output>
          </reporter-output>
        </test-method> <!-- tearDownClass -->
      </class> <!-- cucumberRunner.TestRunner -->
      <class name="com.launch.DriverInitiator">
        <test-method status="PASS" signature="beforeSuite()[pri:0, instance:com.launch.DriverInitiator@1975490]" name="beforeSuite" is-config="true" duration-ms="13615" started-at="2017-04-09T22:40:53Z" finished-at="2017-04-09T22:41:07Z">
          <reporter-output>
          </reporter-output>
        </test-method> <!-- beforeSuite -->
        <test-method status="PASS" signature="afterSuite()[pri:0, instance:com.launch.DriverInitiator@1975490]" name="afterSuite" is-config="true" duration-ms="31" started-at="2017-04-09T22:41:17Z" finished-at="2017-04-09T22:41:17Z">
          <reporter-output>
          </reporter-output>
        </test-method> <!-- afterSuite -->
      </class> <!-- com.launch.DriverInitiator -->
    </test> <!-- Tests in FF -->
  </suite> <!-- Test with multiple features -->
</testng-results>
